<?xml version="1.0" encoding="UTF-8"?>
<!-- Generated by org.testng.reporters.JUnitXMLReporter -->
<testsuite ignored="0" hostname="TarushDubale" failures="0" tests="3" name="Parallel Test" time="32.995" errors="0" timestamp="2026-01-14T21:21:31 IST">
  <testcase classname="parallel.CrossBrowserTesting" name="chromedemo" time="19.447"/>
  <testcase classname="parallel.CrossBrowserTesting" name="chrome" time="19.47"/>
  <testcase classname="parallel.CrossBrowserTesting" name="fireFox" time="13.406"/>
</testsuite> <!-- Parallel Test -->
