<?xml version="1.0" encoding="UTF-8"?>
<!-- Generated by org.testng.reporters.JUnitXMLReporter -->
<testsuite ignored="0" hostname="TarushDubale" failures="0" tests="4" name="Default test" time="0.142" errors="0" timestamp="2026-01-06T21:53:12 IST">
  <testcase classname="test.TestCasesDemo" name="login" time="0.033"/>
  <testcase classname="test.TestCasesDemo" name="dashbord" time="0.003"/>
  <testcase classname="test.TestCasesDemo" name="address" time="0.002"/>
  <testcase classname="test.TestCasesDemo" name="payment" time="0.004"/>
</testsuite> <!-- Default test -->
