<?xml version="1.0" encoding="UTF-8"?>
<!-- Generated by org.testng.reporters.JUnitXMLReporter -->
<testsuite ignored="0" hostname="TarushDubale" failures="0" tests="5" name="Default test" time="0.146" errors="0" timestamp="2026-01-11T21:47:46 IST">
  <testcase classname="test.GroupingConcept" name="testCaseFive" time="0.026"/>
  <testcase classname="test.GroupingConcept" name="testCaseFour" time="0.003"/>
  <testcase classname="test.GroupingConcept" name="testCaseOne" time="0.003"/>
  <testcase classname="test.GroupingConcept" name="testCaseThree" time="0.008"/>
  <testcase classname="test.GroupingConcept" name="testCaseTwo" time="0.002"/>
</testsuite> <!-- Default test -->
