<?xml version="1.0" encoding="UTF-8"?>
<!-- Generated by org.testng.reporters.JUnitXMLReporter -->
<testsuite ignored="2" hostname="TarushDubale" failures="0" tests="3" name="Test" time="0.191" errors="0" timestamp="2026-01-11T21:53:23 IST">
  <testcase classname="test.GroupingConcept" name="testCaseFive" time="0.046"/>
  <testcase classname="test.GroupingConcept" name="testCaseFour" time="0.006"/>
  <testcase classname="test.GroupingConcept" name="testCaseTwo" time="0.005"/>
  <testcase classname="test.GroupingConcept" name="testCaseThree" time="0.0">
    <ignored/>
  </testcase> <!-- testCaseThree -->
  <testcase classname="test.GroupingConcept" name="testCaseOne" time="0.0">
    <ignored/>
  </testcase> <!-- testCaseOne -->
</testsuite> <!-- Test -->
