<?xml version="1.0" encoding="UTF-8"?>
<testng-results ignored="0" total="1" passed="1" failed="0" skipped="0">
  <reporter-output>
  </reporter-output>
  <suite started-at="2026-01-15T21:03:16 IST" name="Default suite" finished-at="2026-01-15T21:03:30 IST" duration-ms="14385">
    <groups>
    </groups>
    <test started-at="2026-01-15T21:03:16 IST" name="Default test" finished-at="2026-01-15T21:03:30 IST" duration-ms="14385">
      <class name="capture.ScreenshotDemo">
        <test-method signature="testCaseOne()[pri:0, instance:capture.ScreenshotDemo@647e447]" started-at="2026-01-15T21:03:16 IST" name="testCaseOne" finished-at="2026-01-15T21:03:30 IST" duration-ms="14265" status="PASS">
          <reporter-output>
          </reporter-output>
        </test-method> <!-- testCaseOne -->
      </class> <!-- capture.ScreenshotDemo -->
    </test> <!-- Default test -->
  </suite> <!-- Default suite -->
</testng-results>
