<?xml version="1.0" encoding="UTF-8"?>
<testng-results ignored="0" total="2" passed="2" failed="0" skipped="0">
  <reporter-output>
  </reporter-output>
  <suite started-at="2026-01-07T21:51:36 IST" name="Default suite" finished-at="2026-01-07T21:51:47 IST" duration-ms="10871">
    <groups>
    </groups>
    <test started-at="2026-01-07T21:51:36 IST" name="Default test" finished-at="2026-01-07T21:51:47 IST" duration-ms="10871">
      <class name="test.BeforeMethodAnnotationDemo">
        <test-method is-config="true" signature="beforeMethod()[pri:0, instance:test.BeforeMethodAnnotationDemo@15ff3e9e]" started-at="2026-01-07T21:51:36 IST" name="beforeMethod" finished-at="2026-01-07T21:51:44 IST" duration-ms="7914" status="PASS">
          <reporter-output>
          </reporter-output>
        </test-method> <!-- beforeMethod -->
        <test-method signature="loginValidTestCase()[pri:0, instance:test.BeforeMethodAnnotationDemo@15ff3e9e]" started-at="2026-01-07T21:51:44 IST" name="loginValidTestCase" finished-at="2026-01-07T21:51:46 IST" duration-ms="1981" status="PASS">
          <reporter-output>
          </reporter-output>
        </test-method> <!-- loginValidTestCase -->
        <test-method signature="logoutTestCase()[pri:0, instance:test.BeforeMethodAnnotationDemo@15ff3e9e]" started-at="2026-01-07T21:51:46 IST" name="logoutTestCase" finished-at="2026-01-07T21:51:47 IST" duration-ms="624" status="PASS">
          <reporter-output>
          </reporter-output>
        </test-method> <!-- logoutTestCase -->
        <test-method is-config="true" signature="afterMethod()[pri:0, instance:test.BeforeMethodAnnotationDemo@15ff3e9e]" started-at="2026-01-07T21:51:47 IST" name="afterMethod" finished-at="2026-01-07T21:51:47 IST" duration-ms="215" status="PASS">
          <reporter-output>
          </reporter-output>
        </test-method> <!-- afterMethod -->
      </class> <!-- test.BeforeMethodAnnotationDemo -->
    </test> <!-- Default test -->
  </suite> <!-- Default suite -->
</testng-results>
