<?xml version="1.0" encoding="UTF-8"?>
<!-- Generated by org.testng.reporters.JUnitReportReporter -->
<testsuite hostname="TarushDubale" failures="0" tests="5" name="test.PriorityInMethods" time="0.058" errors="0" timestamp="2026-01-08T21:37:34 IST" skipped="0">
  <testcase classname="test.PriorityInMethods" name="loginTestCase" time="0.033"/>
  <system-out/>
  <testcase classname="test.PriorityInMethods" name="addressPageTestCase" time="0.006"/>
  <system-out/>
  <testcase classname="test.PriorityInMethods" name="productPageTestCase" time="0.005"/>
  <system-out/>
  <testcase classname="test.PriorityInMethods" name="landingPageTestCase" time="0.007"/>
  <system-out/>
  <testcase classname="test.PriorityInMethods" name="paymentPageTestCase" time="0.007"/>
  <system-out/>
</testsuite> <!-- test.PriorityInMethods -->
