<?xml version="1.0" encoding="UTF-8"?>
<!-- Generated by org.testng.reporters.JUnitReportReporter -->
<testsuite hostname="TarushDubale" failures="0" tests="5" name="test.EnableAndDisable" time="0.051" errors="0" timestamp="2026-01-08T21:16:55 IST" skipped="1">
  <testcase classname="test.EnableAndDisable" name="firstTestCase" time="0.003"/>
  <system-out/>
  <testcase classname="test.EnableAndDisable" name="secondTestCase" time="0.003"/>
  <system-out/>
  <testcase classname="test.EnableAndDisable" name="thirdTestCase" time="0.006"/>
  <system-out/>
  <testcase classname="test.EnableAndDisable" name="fifthTestCase" time="0.039"/>
  <system-out/>
  <testcase classname="test.EnableAndDisable" name="fourthTestCase">
    <skipped/>
  </testcase> <!-- fourthTestCase -->
  <system-out/>
</testsuite> <!-- test.EnableAndDisable -->
