<?xml version="1.0" encoding="UTF-8"?>
<!-- Generated by org.testng.reporters.JUnitReportReporter -->
<testsuite hostname="TarushDubale" failures="0" tests="3" name="parallel.CrossBrowserTesting" time="52.323" errors="0" timestamp="2026-01-14T21:21:35 IST" skipped="0">
  <testcase classname="parallel.CrossBrowserTesting" name="chrome" time="19.470"/>
  <system-out/>
  <testcase classname="parallel.CrossBrowserTesting" name="chromedemo" time="19.447"/>
  <system-out/>
  <testcase classname="parallel.CrossBrowserTesting" name="fireFox" time="13.406"/>
  <system-out/>
</testsuite> <!-- parallel.CrossBrowserTesting -->
