<?xml version="1.0" encoding="UTF-8"?>
<!-- Generated by org.testng.reporters.JUnitReportReporter -->
<testsuite hostname="TarushDubale" failures="0" tests="4" name="test.TestCasesDemo" time="0.042" errors="0" timestamp="2026-01-06T21:53:13 IST" skipped="0">
  <testcase classname="test.TestCasesDemo" name="login" time="0.033"/>
  <system-out/>
  <testcase classname="test.TestCasesDemo" name="dashbord" time="0.003"/>
  <system-out/>
  <testcase classname="test.TestCasesDemo" name="address" time="0.002"/>
  <system-out/>
  <testcase classname="test.TestCasesDemo" name="payment" time="0.004"/>
  <system-out/>
</testsuite> <!-- test.TestCasesDemo -->
