<?xml version="1.0" encoding="UTF-8"?>
<!-- Generated by org.testng.reporters.JUnitReportReporter -->
<testsuite hostname="TarushDubale" failures="0" tests="2" name="test.BeforeTestConcept" time="2.711" errors="0" timestamp="2026-01-08T21:07:11 IST" skipped="0">
  <testcase classname="test.BeforeTestConcept" name="logoutTestCase" time="0.849"/>
  <system-out/>
  <testcase classname="test.BeforeTestConcept" name="loginValidTestCase" time="1.862"/>
  <system-out/>
</testsuite> <!-- test.BeforeTestConcept -->
