<?xml version="1.0" encoding="UTF-8"?>
<!-- Generated by org.testng.reporters.JUnitReportReporter -->
<testsuite hostname="TarushDubale" failures="0" tests="2" name="test.BeforeMethodAnnotation" time="31.190" errors="0" timestamp="2026-01-07T21:41:12 IST" skipped="0">
  <testcase classname="test.BeforeMethodAnnotation" name="loginValidTestCase" time="20.723"/>
  <system-out/>
  <testcase classname="test.BeforeMethodAnnotation" name="loginInvalidTestCase" time="10.467"/>
  <system-out/>
</testsuite> <!-- test.BeforeMethodAnnotation -->
