<?xml version="1.0" encoding="UTF-8"?>
<!-- Generated by org.testng.reporters.JUnitReportReporter -->
<testsuite hostname="TarushDubale" failures="0" tests="5" name="test.DependsOnMethods_Concept" time="0.028" errors="0" timestamp="2026-01-08T21:26:05 IST" skipped="0">
  <testcase classname="test.DependsOnMethods_Concept" name="loginTestCase" time="0.018"/>
  <system-out/>
  <testcase classname="test.DependsOnMethods_Concept" name="landingPageTestCase" time="0.004"/>
  <system-out/>
  <testcase classname="test.DependsOnMethods_Concept" name="addressPageTestCase" time="0.003"/>
  <system-out/>
  <testcase classname="test.DependsOnMethods_Concept" name="paymentPageTestCase" time="0.002"/>
  <system-out/>
  <testcase classname="test.DependsOnMethods_Concept" name="productPageTestCase" time="0.001"/>
  <system-out/>
</testsuite> <!-- test.DependsOnMethods_Concept -->
