<?xml version="1.0" encoding="UTF-8"?>
<!-- Generated by org.testng.reporters.JUnitReportReporter -->
<testsuite hostname="TarushDubale" failures="0" tests="3" name="test.TestNGAnnotations" time="0.037" errors="0" timestamp="2026-01-07T21:34:08 IST" skipped="0">
  <testcase classname="test.TestNGAnnotations" name="testcaseThree" time="0.009"/>
  <system-out/>
  <testcase classname="test.TestNGAnnotations" name="testcaseTwo" time="0.007"/>
  <system-out/>
  <testcase classname="test.TestNGAnnotations" name="testcase" time="0.021"/>
  <system-out/>
</testsuite> <!-- test.TestNGAnnotations -->
