<?xml version="1.0" encoding="UTF-8"?>
<!-- Generated by org.testng.reporters.JUnitReportReporter -->
<testsuite hostname="TarushDubale" failures="0" tests="3" name="test.GroupingConcept" time="0.057" errors="0" timestamp="2026-01-11T21:53:24 IST" skipped="0">
  <testcase classname="test.GroupingConcept" name="testCaseFour" time="0.006"/>
  <system-out/>
  <testcase classname="test.GroupingConcept" name="testCaseTwo" time="0.005"/>
  <system-out/>
  <testcase classname="test.GroupingConcept" name="testCaseFive" time="0.046"/>
  <system-out/>
</testsuite> <!-- test.GroupingConcept -->
