<?xml version="1.0" encoding="UTF-8"?>
<!-- Generated by org.testng.reporters.JUnitReportReporter -->
<testsuite hostname="TarushDubale" failures="0" tests="2" name="test.BeforeMethodAnnotationDemo" time="2.605" errors="0" timestamp="2026-01-07T21:51:49 IST" skipped="0">
  <testcase classname="test.BeforeMethodAnnotationDemo" name="loginValidTestCase" time="1.981"/>
  <system-out/>
  <testcase classname="test.BeforeMethodAnnotationDemo" name="logoutTestCase" time="0.624"/>
  <system-out/>
</testsuite> <!-- test.BeforeMethodAnnotationDemo -->
